2024-12-27 02:32:12,741 - INFO - Fetching weather data....
2024-12-27 02:32:16,078 - ERROR - Invalid response forSana'a,{'error': {'code': 1006, 'message': 'No matching location found.'}}
2024-12-27 02:32:16,412 - INFO - Database connection successful
2024-12-27 02:32:16,428 - INFO - Database 'weather_api' created or exists
2024-12-27 02:32:16,428 - ERROR - Error setting up database or table: 1064 (42000): You have an error in your SQL syntax; check the manual that corresponds to your MySQL server version for the right syntax to use near 'condition VARCHAR(255),
            wind_kph INT,
            humidity INT,
    ' at line 7
2024-12-27 02:37:11,980 - INFO - Fetching weather data....
2024-12-27 02:37:18,379 - INFO - Database connection successful
2024-12-27 02:37:18,379 - INFO - Database 'weather_api' created or exists
2024-12-27 02:37:18,379 - ERROR - Error setting up database or table: 1064 (42000): You have an error in your SQL syntax; check the manual that corresponds to your MySQL server version for the right syntax to use near 'condition VARCHAR(255),
            wind_kph FLOAT,
            humidity FLOAT,
' at line 7
2024-12-27 02:38:47,766 - INFO - Fetching weather data....
2024-12-27 02:38:55,725 - INFO - Database connection successful
2024-12-27 02:38:55,725 - INFO - Database 'weather_api' created or exists
2024-12-27 02:38:55,725 - ERROR - Error setting up database or table: 1064 (42000): You have an error in your SQL syntax; check the manual that corresponds to your MySQL server version for the right syntax to use near 'condition VARCHAR(255),
            wind_kph FLOAT,
            humidity FLOAT,
' at line 7
2024-12-27 02:38:55,742 - ERROR - Error inserting data: 1064 (42000): You have an error in your SQL syntax; check the manual that corresponds to your MySQL server version for the right syntax to use near 'condition, wind_kph, humidity, feelslike_c)
        VALUES ('Algiers', 13.7, 0, ' at line 2
2024-12-27 02:40:17,175 - INFO - Fetching weather data....
2024-12-27 02:40:19,987 - INFO - Database connection successful
2024-12-27 02:40:19,990 - INFO - Database 'weather_api' created or exists
2024-12-27 02:40:20,011 - INFO - Table 'weather' created or exists
2024-12-27 02:40:20,015 - INFO - Data inserted successfully
2024-12-27 02:40:53,409 - INFO - Fetching weather data....
2024-12-27 02:40:56,507 - INFO - Database connection successful
2024-12-27 02:40:56,519 - INFO - Database 'weather_api' created or exists
2024-12-27 02:40:56,534 - INFO - Table 'weather' created or exists
2024-12-27 02:40:56,552 - INFO - Data inserted successfully
